<?xml version="1.0" encoding="UTF-8"?>
<testsuites>
  <testsuite name="Chrome" id="0" tests="3" skipped="1" errors="0" failures="1" time="0">
    <properties>
      <property name="Chrome" value="Mozilla/5.0 (Macintosh; Intel Mac OS X 10_14_6) AppleWebKit/537.36 (KHTML, like Gecko) HeadlessChrome/84.0.4147.105 Safari/537.36"/>
    </properties>
    <testcase name="real numbers forming a monoid under addition" time="0.002" classname="real numbers forming a monoid"/>
    <testcase name="null hypothesis" time="0" classname="off-by-one boolean logic errors"/>
    <testcase name="asserts error" time="0" classname="off-by-one boolean logic errors">
    <testcase name="tbd: confirm true positive" time="0" classname="off-by-one boolean logic errors">
      <skipped/>
    </testcase>
    <testcase name="asserts error" classname="undefined" time="0">
      <failure message="expected false to be true" type="AssertionError"><![CDATA[AssertionError: expected false to be true
    at Context.<anonymous> (simple.test.js?wtr-session-id=9819abaf-fae3-4d5b-86d0-a351e07fa814:13:29)
    at callFn (__web-test-runner__/test-framework.js:5856:21)
    at Test.Runnable.run (__web-test-runner__/test-framework.js:5843:7)
    at Runner.runTest (__web-test-runner__/test-framework.js:6587:10)
    at http://localhost:9268/__web-test-runner__/test-framework.js:6713:12
    at next (__web-test-runner__/test-framework.js:6504:14)
    at http://localhost:9268/__web-test-runner__/test-framework.js:6514:7
    at next (__web-test-runner__/test-framework.js:6416:14)
    at http://localhost:9268/__web-test-runner__/test-framework.js:6482:5
    at timeslice (__web-test-runner__/test-framework.js:151:27)]]></failure>
    </testcase>
  </testsuite>
</testsuites>
